h:\project\datastructure\datastructure\debug\vc120.pdb
h:\project\datastructure\datastructure\debug\vc120.idb
h:\project\datastructure\datastructure\debug\main.obj
h:\project\datastructure\datastructure\debug\mainhelper.obj
h:\project\datastructure\datastructure\debug\sort.obj
h:\httpd-2.4.39-win64-vc15\apache24\htdocs\datastructure-algorithm\datastructure\datastructure\debug\vc120.pdb
h:\httpd-2.4.39-win64-vc15\apache24\htdocs\datastructure-algorithm\datastructure\datastructure\debug\vc120.idb
h:\httpd-2.4.39-win64-vc15\apache24\htdocs\datastructure-algorithm\datastructure\datastructure\debug\main.obj
h:\httpd-2.4.39-win64-vc15\apache24\htdocs\datastructure-algorithm\datastructure\datastructure\debug\sort.obj
h:\httpd-2.4.39-win64-vc15\apache24\htdocs\datastructure-algorithm\datastructure\datastructure\debug\mainhelper.obj
h:\project\datastructure\debug\datastructure.ilk
h:\project\datastructure\debug\datastructure.exe
h:\project\datastructure\debug\datastructure.pdb
h:\httpd-2.4.39-win64-vc15\apache24\htdocs\datastructure-algorithm\datastructure\debug\datastructure.ilk
h:\httpd-2.4.39-win64-vc15\apache24\htdocs\datastructure-algorithm\datastructure\debug\datastructure.exe
h:\httpd-2.4.39-win64-vc15\apache24\htdocs\datastructure-algorithm\datastructure\debug\datastructure.pdb
h:\httpd-2.4.39-win64-vc15\apache24\htdocs\datastructure-algorithm\datastructure\datastructure\debug\datastructure.tlog\cl.command.1.tlog
h:\httpd-2.4.39-win64-vc15\apache24\htdocs\datastructure-algorithm\datastructure\datastructure\debug\datastructure.tlog\cl.read.1.tlog
h:\httpd-2.4.39-win64-vc15\apache24\htdocs\datastructure-algorithm\datastructure\datastructure\debug\datastructure.tlog\cl.write.1.tlog
h:\httpd-2.4.39-win64-vc15\apache24\htdocs\datastructure-algorithm\datastructure\datastructure\debug\datastructure.tlog\link.command.1.tlog
h:\httpd-2.4.39-win64-vc15\apache24\htdocs\datastructure-algorithm\datastructure\datastructure\debug\datastructure.tlog\link.read.1.tlog
h:\httpd-2.4.39-win64-vc15\apache24\htdocs\datastructure-algorithm\datastructure\datastructure\debug\datastructure.tlog\link.write.1.tlog
